#
# A fatal error has been detected by the Java Runtime Environment:
#
#  EXCEPTION_STACK_OVERFLOW (0xc00000fd) at pc=0x0000000051484e67, pid=45392, tid=0x0000000000003660
#
# JRE version: Java(TM) SE Runtime Environment (8.0_202-b08) (build 1.8.0_202-b08)
# Java VM: Java HotSpot(TM) 64-Bit Server VM (25.202-b08 mixed mode windows-amd64 compressed oops)
# Problematic frame:
# V  [jvm.dll+0x214e67]
#
# Failed to write core dump. Minidumps are not enabled by default on client versions of Windows
#
# If you would like to submit a bug report, please visit:
#   http://bugreport.java.com/bugreport/crash.jsp
#

---------------  T H R E A D  ---------------

 [_thread_in_vm, id=13920]



 59 00 7e db 48 8b
0x0000000051484e77:   6c 24 30 48 8b 5c 24 38 48 8b 74 24 40 48 83 c4 


Register to memory mapping:

RAX=0x00000000214fc0f0 is pointing into the stack for thread: 0x000000001f58c800
RBX=0x0000000000000004 is an unknown value
RCX=0x0000000000003000 is an unknown value
RDX=0x0000000000000006 is an unknown value
RSP=0x00000000214ff0f0 is pointing into the stack for thread: 0x000000001f58c800
RBP=0x0000000000000000 is an unknown value
RSI=0x00000000214ff0f0 is pointing into the stack for thread: 0x000000001f58c800
RDI=0x0000000000000004 is an unknown value
R8 =0x0000000000000006 is an unknown value
R9 =0x0000000020aecdf0 is an unknown value
R10={method} {0x000000001bbbece0} 'run' '()V' in 'java/lang/Thread'
R11=0x000000002140a148 is pointing into the stack for thread: 0x000000001f58c800
R12=0x0000000020aecdf0 is an unknown value
R13=0x000000001f58c800 is a thread
R14=0x00000000214ff1b8 is pointing into the stack for thread: 0x000000001f58c800
R15={method} {0x000000001bbbece0} 'run' '()V' in 'java/lang/Thread'


Stack: [0x0000000021400000,0x0000000021500000],  sp=0x00000000214ff0f0,  free space=1020k
Native frames: (J=compiled Java code, j=interpreted, Vv=VM code, C=native code)


---------------  P R O C E S S  ---------------

Java Threads: ( => current thread )
=>0x000000001f58c800 JavaThread "org.springframework.amqp.rabbit.RabbitListenerEndpointContainer#0-42" [_thread_in_vm, id=13920, stack(0x0000000021400000,0x0000000021500000)]
  0x000000001f590800 JavaThread "AsyncResolver-bootstrap-executor-0" daemon [_thread_blocked, id=23608, stack(0x0000000000950000,0x0000000000a50000)]
  0x000000001f58f800 JavaThread "DiscoveryClient-CacheRefreshExecutor-0" daemon [_thread_blocked, id=37960, stack(0x0000000025dd0000,0x0000000025ed0000)]
  0x000000001f58e800 JavaThread "DiscoveryClient-HeartbeatExecutor-0" daemon [_thread_blocked, id=28260, stack(0x0000000025cd0000,0x0000000025dd0000)]
  0x000000001f58d000 JavaThread "DestroyJavaVM" [_thread_blocked, id=41484, stack(0x00000000028e0000,0x00000000029e0000)]
  0x000000001f58b800 JavaThread "http-nio-8887-Acceptor" daemon [_thread_in_native, id=45820, stack(0x00000000253d0000,0x00000000254d0000)]
  0x000000001f584000 JavaThread "http-nio-8887-Poller" daemon [_thread_in_native, id=31564, stack(0x00000000252d0000,0x00000000253d0000)]
  0x000000001f58b000 JavaThread "http-nio-8887-exec-10" daemon [_thread_blocked, id=4632, stack(0x00000000251d0000,0x00000000252d0000)]
  0x000000001f58a000 JavaThread "http-nio-8887-exec-9" daemon [_thread_blocked, id=1084, stack(0x00000000250d0000,0x00000000251d0000)]
  0x000000001f586800 JavaThread "http-nio-8887-exec-8" daemon [_thread_blocked, id=36868, stack(0x0000000024fd0000,0x00000000250d0000)]
  0x000000001f588800 JavaThread "http-nio-8887-exec-7" daemon [_thread_blocked, id=27800, stack(0x0000000024ed0000,0x0000000024fd0000)]
  0x000000001f582800 JavaThread "http-nio-8887-exec-6" daemon [_thread_blocked, id=8060, stack(0x0000000024dd0000,0x0000000024ed0000)]
  0x000000001f587000 JavaThread "http-nio-8887-exec-5" daemon [_thread_blocked, id=45632, stack(0x0000000024cd0000,0x0000000024dd0000)]
  0x000000001f589800 JavaThread "http-nio-8887-exec-4" daemon [_thread_blocked, id=41108, stack(0x0000000024bd0000,0x0000000024cd0000)]
  0x000000001f581000 JavaThread "http-nio-8887-exec-3" daemon [_thread_blocked, id=14948, stack(0x0000000024ad0000,0x0000000024bd0000)]
  0x000000001f588000 JavaThread "http-nio-8887-exec-2" daemon [_thread_blocked, id=38068, stack(0x00000000249d0000,0x0000000024ad0000)]
  0x000000001f585800 JavaThread "http-nio-8887-exec-1" daemon [_thread_blocked, id=37876, stack(0x00000000248d0000,0x00000000249d0000)]
  0x000000001f582000 JavaThread "DiscoveryClient-InstanceInfoReplicator-0" daemon [_thread_blocked, id=19056, stack(0x00000000247d0000,0x00000000248d0000)]
  0x000000001f583800 JavaThread "DiscoveryClient-1" daemon [_thread_blocked, id=8480, stack(0x00000000246d0000,0x00000000247d0000)]
  0x000000001f352800 JavaThread "DiscoveryClient-0" daemon [_thread_blocked, id=43024, stack(0x00000000245d0000,0x00000000246d0000)]
  0x000000001f351800 JavaThread "AsyncResolver-bootstrap-0" daemon [_thread_blocked, id=7696, stack(0x00000000242d0000,0x00000000243d0000)]
  0x000000001f350000 JavaThread "spring.cloud.inetutils" daemon [_thread_blocked, id=45696, stack(0x0000000023000000,0x0000000023100000)]
  0x000000001f351000 JavaThread "container-0" [_thread_blocked, id=28668, stack(0x0000000022700000,0x0000000022800000)]
  0x000000001f34f800 JavaThread "Catalina-utility-2" [_thread_blocked, id=41816, stack(0x0000000021d00000,0x0000000021e00000)]
  0x000000001f34e800 JavaThread "Catalina-utility-1" [_thread_blocked, id=43844, stack(0x0000000021800000,0x0000000021900000)]
  0x000000001f354000 JavaThread "RMI Scheduler(0)" daemon [_thread_blocked, id=31588, stack(0x0000000021700000,0x0000000021800000)]
  0x000000001f34e000 JavaThread "RMI TCP Accept-0" daemon [_thread_in_native, id=32636, stack(0x000000001fd30000,0x000000001fe30000)]
  0x000000001f12a800 JavaThread "Service Thread" daemon [_thread_blocked, id=45744, stack(0x000000001fb60000,0x000000001fc60000)]
  0x000000001f124000 JavaThread "C1 CompilerThread3" daemon [_thread_blocked, id=39652, stack(0x000000001fa60000,0x000000001fb60000)]
  0x000000001f123000 JavaThread "C2 CompilerThread2" daemon [_thread_blocked, id=38520, stack(0x000000001f960000,0x000000001fa60000)]
  0x000000001f122800 JavaThread "C2 CompilerThread1" daemon [_thread_blocked, id=26312, stack(0x000000001f860000,0x000000001f960000)]
  0x000000001f121800 JavaThread "C2 CompilerThread0" daemon [_thread_blocked, id=44388, stack(0x000000001f760000,0x000000001f860000)]
  0x000000001e403800 JavaThread "JDWP Command Reader" daemon [_thread_in_native, id=46188, stack(0x000000001edb0000,0x000000001eeb0000)]
  0x000000001e3fa000 JavaThread "JDWP Event Helper Thread" daemon [_thread_blocked, id=32608, stack(0x000000001ecb0000,0x000000001edb0000)]
  0x000000001c58d000 JavaThread "JDWP Transport Listener: dt_socket" daemon [_thread_blocked, id=5576, stack(0x000000001ebb0000,0x000000001ecb0000)]
  0x000000001e396000 JavaThread "Attach Listener" daemon [_thread_blocked, id=40692, stack(0x000000001eab0000,0x000000001ebb0000)]
  0x000000001e3f0000 JavaThread "Signal Dispatcher" daemon [_thread_blocked, id=41980, stack(0x000000001e9b0000,0x000000001eab0000)]
  0x000000001e370800 JavaThread "Finalizer" daemon [_thread_blocked, id=15004, stack(0x000000001e850000,0x000000001e950000)]
  0x000000001c57d000 JavaThread "Reference Handler" daemon [_thread_blocked, id=8664, stack(0x000000001e750000,0x000000001e850000)]

Other Threads:
  0x0000000002ade800 VMThread [stack: 0x000000001e250000,0x000000001e350000] [id=4196]
  0x000000001f35d800 WatcherThread [stack: 0x000000001fe30000,0x000000001ff30000] [id=5984]

VM state:not at safepoint (normal execution)

VM Mutex/Monitor currently owned by a thread: None

heap address: 0x00000006c3600000, size: 4042 MB, Compressed Oops mode: Zero based, Oop shift amount: 3
Narrow klass base: 0x0000000000000000, Narrow klass shift: 3
Compressed class space size: 1073741824 Address: 0x00000007c0000000

Heap:
 PSYoungGen      total 152576K, used 27107K [0x000000076bd00000, 0x0000000779800000, 0x00000007c0000000)
  eden space 136704K, 8% used [0x000000076bd00000,0x000000076c800f58,0x0000000774280000)
  from space 15872K, 99% used [0x0000000778880000,0x00000007797f7ec8,0x0000000779800000)
  to   space 17920K, 0% used [0x0000000777500000,0x0000000777500000,0x0000000778680000)
 ParOldGen       total 174592K, used 17752K [0x00000006c3600000, 0x00000006ce080000, 0x000000076bd00000)
  object space 174592K, 10% used [0x00000006c3600000,0x00000006c47562e8,0x00000006ce080000)
 Metaspace       used 46207K, capacity 49614K, committed 49832K, reserved 1091584K
  class space    used 6242K, capacity 6822K, committed 6832K, reserved 1048576K

Card table byte_map: [0x0000000012010000,0x0000000012800000] byte_map_base: 0x000000000e9f5000

Marking Bits: (ParMarkBitMap*) 0x0000000051a95ce0
 Begin Bits: [0x0000000013550000, 0x0000000017478000)
 End Bits:   [0x0000000017478000, 0x000000001b3a0000)

Polling page: 0x0000000000c50000

CodeCache: size=245760Kb used=9462Kb max_used=9462Kb free=236297Kb
 bounds [0x0000000002c50000, 0x0000000003590000, 0x0000000011c50000]
 total_blobs=5247 nmethods=4727 adapters=440
 compilation: enabled

Compilation events (10 events):
Event: 373.736 Thread 0x000000001f124000 4829       1       java.util.TreeMap$KeySet::iterator (32 bytes)
Event: 373.736 Thread 0x000000001f124000 nmethod 4829 0x000000000358c7d0 code [0x000000000358c960, 0x000000000358cc98]
Event: 373.736 Thread 0x000000001f124000 4830       1       java.util.TreeMap::keyIterator (13 bytes)
Event: 373.737 Thread 0x000000001f124000 nmethod 4830 0x000000000358ce90 code [0x000000000358cfe0, 0x000000000358d1f0]
Event: 373.737 Thread 0x000000001f124000 4831       1       java.util.TreeMap$KeyIterator::<init> (12 bytes)
Event: 373.737 Thread 0x000000001f124000 nmethod 4831 0x000000000358d310 code [0x000000000358d460, 0x000000000358d5d0]
Event: 379.184 Thread 0x000000001f124000 4832       1       java.lang.Character::forDigit (42 bytes)
Event: 379.185 Thread 0x000000001f124000 nmethod 4832 0x000000000358d690 code [0x000000000358d7e0, 0x000000000358d950]
Event: 379.185 Thread 0x000000001f124000 4833   !   1       java.nio.charset.CharsetDecoder::decode (287 bytes)
Event: 379.187 Thread 0x000000001f124000 nmethod 4833 0x000000000358d9d0 code [0x000000000358dbe0, 0x000000000358e298]

GC Heap History (10 events):
Event: 3.207 GC heap before
{Heap before GC invocations=6 (full 1):
 PSYoungGen      total 102912K, used 102669K [0x000000076bd00000, 0x0000000774d00000, 0x00000007c0000000)
  eden space 96256K, 100% used [0x000000076bd00000,0x0000000771b00000,0x0000000771b00000)
  from space 6656K, 96% used [0x0000000774680000,0x0000000774cc3668,0x0000000774d00000)
  to   space 10752K, 0% used [0x0000000773800000,0x0000000773800000,0x0000000774280000)
 ParOldGen       total 104448K, used 6140K [0x00000006c3600000, 0x00000006c9c00000, 0x000000076bd00000)
  object space 104448K, 5% used [0x00000006c3600000,0x00000006c3bff0d8,0x00000006c9c00000)
 Metaspace       used 28037K, capacity 29904K, committed 30256K, reserved 1075200K
  class space    used 3687K, capacity 4030K, committed 4144K, reserved 1048576K
Event: 3.213 GC heap after
Heap after GC invocations=6 (full 1):
 PSYoungGen      total 136704K, used 10748K [0x000000076bd00000, 0x0000000776280000, 0x00000007c0000000)
  eden space 125952K, 0% used [0x000000076bd00000,0x000000076bd00000,0x0000000773800000)
  from space 10752K, 99% used [0x0000000773800000,0x000000077427f278,0x0000000774280000)
  to   space 13824K, 0% used [0x0000000775500000,0x0000000775500000,0x0000000776280000)
 ParOldGen       total 104448K, used 8570K [0x00000006c3600000, 0x00000006c9c00000, 0x000000076bd00000)
  object space 104448K, 8% used [0x00000006c3600000,0x00000006c3e5e8c8,0x00000006c9c00000)
 Metaspace       used 28037K, capacity 29904K, committed 30256K, reserved 1075200K
  class space    used 3687K, capacity 4030K, committed 4144K, reserved 1048576K
}
Event: 4.051 GC heap before
{Heap before GC invocations=7 (full 1):
 PSYoungGen      total 136704K, used 101966K [0x000000076bd00000, 0x0000000776280000, 0x00000007c0000000)
  eden space 125952K, 72% used [0x000000076bd00000,0x0000000771614770,0x0000000773800000)
  from space 10752K, 99% used [0x0000000773800000,0x000000077427f278,0x0000000774280000)
  to   space 13824K, 0% used [0x0000000775500000,0x0000000775500000,0x0000000776280000)
 ParOldGen       total 104448K, used 8570K [0x00000006c3600000, 0x00000006c9c00000, 0x000000076bd00000)
  object space 104448K, 8% used [0x00000006c3600000,0x00000006c3e5e8c8,0x00000006c9c00000)
 Metaspace       used 33034K, capacity 35290K, committed 35496K, reserved 1079296K
  class space    used 4344K, capacity 4758K, committed 4784K, reserved 1048576K
Event: 4.061 GC heap after
Heap after GC invocations=7 (full 1):
 PSYoungGen      total 153600K, used 13421K [0x000000076bd00000, 0x0000000779180000, 0x00000007c0000000)
  eden space 139776K, 0% used [0x000000076bd00000,0x000000076bd00000,0x0000000774580000)
  from space 13824K, 97% used [0x0000000775500000,0x000000077621b560,0x0000000776280000)
  to   space 15872K, 0% used [0x0000000774580000,0x0000000774580000,0x0000000775500000)
 ParOldGen       total 104448K, used 8578K [0x00000006c3600000, 0x00000006c9c00000, 0x000000076bd00000)
  object space 104448K, 8% used [0x00000006c3600000,0x00000006c3e608c8,0x00000006c9c00000)
 Metaspace       used 33034K, capacity 35290K, committed 35496K, reserved 1079296K
  class space    used 4344K, capacity 4758K, committed 4784K, reserved 1048576K
}
Event: 4.061 GC heap before
{Heap before GC invocations=8 (full 2):
 PSYoungGen      total 153600K, used 13421K [0x000000076bd00000, 0x0000000779180000, 0x00000007c0000000)
  eden space 139776K, 0% used [0x000000076bd00000,0x000000076bd00000,0x0000000774580000)
  from space 13824K, 97% used [0x0000000775500000,0x000000077621b560,0x0000000776280000)
  to   space 15872K, 0% used [0x0000000774580000,0x0000000774580000,0x0000000775500000)
 ParOldGen       total 104448K, used 8578K [0x00000006c3600000, 0x00000006c9c00000, 0x000000076bd00000)
  object space 104448K, 8% used [0x00000006c3600000,0x00000006c3e608c8,0x00000006c9c00000)
 Metaspace       used 33034K, capacity 35290K, committed 35496K, reserved 1079296K
  class space    used 4344K, capacity 4758K, committed 4784K, reserved 1048576K
Event: 4.098 GC heap after
Heap after GC invocations=8 (full 2):
 PSYoungGen      total 153600K, used 0K [0x000000076bd00000, 0x0000000779180000, 0x00000007c0000000)
  eden space 139776K, 0% used [0x000000076bd00000,0x000000076bd00000,0x0000000774580000)
  from space 13824K, 0% used [0x0000000775500000,0x0000000775500000,0x0000000776280000)
  to   space 15872K, 0% used [0x0000000774580000,0x0000000774580000,0x0000000775500000)
 ParOldGen       total 174592K, used 17736K [0x00000006c3600000, 0x00000006ce080000, 0x000000076bd00000)
  object space 174592K, 10% used [0x00000006c3600000,0x00000006c47522e8,0x00000006ce080000)
 Metaspace       used 33034K, capacity 35290K, committed 35496K, reserved 1079296K
  class space    used 4344K, capacity 4758K, committed 4784K, reserved 1048576K
}
Event: 5.927 GC heap before
{Heap before GC invocations=9 (full 2):
 PSYoungGen      total 153600K, used 139776K [0x000000076bd00000, 0x0000000779180000, 0x00000007c0000000)
  eden space 139776K, 100% used [0x000000076bd00000,0x0000000774580000,0x0000000774580000)
  from space 13824K, 0% used [0x0000000775500000,0x0000000775500000,0x0000000776280000)
  to   space 15872K, 0% used [0x0000000774580000,0x0000000774580000,0x0000000775500000)
 ParOldGen       total 174592K, used 17736K [0x00000006c3600000, 0x00000006ce080000, 0x000000076bd00000)
  object space 174592K, 10% used [0x00000006c3600000,0x00000006c47522e8,0x00000006ce080000)
 Metaspace       used 40537K, capacity 43642K, committed 43944K, reserved 1087488K
  class space    used 5506K, capacity 6058K, committed 6064K, reserved 1048576K
Event: 5.934 GC heap after
Heap after GC invocations=9 (full 2):
 PSYoungGen      total 155648K, used 11734K [0x000000076bd00000, 0x0000000779880000, 0x00000007c0000000)
  eden space 139776K, 0% used [0x000000076bd00000,0x000000076bd00000,0x0000000774580000)
  from space 15872K, 73% used [0x0000000774580000,0x00000007750f5ad0,0x0000000775500000)
  to   space 16384K, 0% used [0x0000000778880000,0x0000000778880000,0x0000000779880000)
 ParOldGen       total 174592K, used 17744K [0x00000006c3600000, 0x00000006ce080000, 0x000000076bd00000)
  object space 174592K, 10% used [0x00000006c3600000,0x00000006c47542e8,0x00000006ce080000)
 Metaspace       used 40537K, capacity 43642K, committed 43944K, reserved 1087488K
  class space    used 5506K, capacity 6058K, committed 6064K, reserved 1048576K
}
Event: 267.271 GC heap before
{Heap before GC invocations=10 (full 2):
 PSYoungGen      total 155648K, used 151510K [0x000000076bd00000, 0x0000000779880000, 0x00000007c0000000)
  eden space 139776K, 100% used [0x000000076bd00000,0x0000000774580000,0x0000000774580000)
  from space 15872K, 73% used [0x0000000774580000,0x00000007750f5ad0,0x0000000775500000)
  to   space 16384K, 0% used [0x0000000778880000,0x0000000778880000,0x0000000779880000)
 ParOldGen       total 174592K, used 17744K [0x00000006c3600000, 0x00000006ce080000, 0x000000076bd00000)
  object space 174592K, 10% used [0x00000006c3600000,0x00000006c47542e8,0x00000006ce080000)
 Metaspace       used 46205K, capacity 49614K, committed 49832K, reserved 1091584K
  class space    used 6242K, capacity 6822K, committed 6832K, reserved 1048576K
Event: 267.286 GC heap after
Heap after GC invocations=10 (full 2):
 PSYoungGen      total 152576K, used 15839K [0x000000076bd00000, 0x0000000779800000, 0x00000007c0000000)
  eden space 136704K, 0% used [0x000000076bd00000,0x000000076bd00000,0x0000000774280000)
  from space 15872K, 99% used [0x0000000778880000,0x00000007797f7ec8,0x0000000779800000)
  to   space 17920K, 0% used [0x0000000777500000,0x0000000777500000,0x0000000778680000)
 ParOldGen       total 174592K, used 17752K [0x00000006c3600000, 0x00000006ce080000, 0x000000076bd00000)
  object space 174592K, 10% used [0x00000006c3600000,0x00000006c47562e8,0x00000006ce080000)
 Metaspace       used 46205K, capacity 49614K, committed 49832K, reserved 1091584K
  class space    used 6242K, capacity 6822K, committed 6832K, reserved 1048576K
}

Deoptimization events (0 events):
No events

Classes redefined (0 events):
No events

Internal exceptions (10 events):
Event: 351.614 Thread 0x000000001f58c800 Exception <a 'java/net/ConnectException': Connection refused: connect> (0x000000076c6ae648) thrown at [C:\re\workspace\8-2-build-windows-amd64-cygwin\jdk8u202\12323\hotspot\src\share\vm\prims\jni.cpp, line 736]
Event: 353.648 Thread 0x000000001f58c800 Exception <a 'java/net/ConnectException': Connection refused: connect> (0x000000076c6af8c0) thrown at [C:\re\workspace\8-2-build-windows-amd64-cygwin\jdk8u202\12323\hotspot\src\share\vm\prims\jni.cpp, line 736]
Event: 360.821 Thread 0x000000001f585000 Exception <a 'java/net/ConnectException': Connection refused: connect> (0x000000076c703d80) thrown at [C:\re\workspace\8-2-build-windows-amd64-cygwin\jdk8u202\12323\hotspot\src\share\vm\prims\jni.cpp, line 736]
Event: 362.858 Thread 0x000000001f585000 Exception <a 'java/net/ConnectException': Connection refused: connect> (0x000000076c704ff8) thrown at [C:\re\workspace\8-2-build-windows-amd64-cygwin\jdk8u202\12323\hotspot\src\share\vm\prims\jni.cpp, line 736]
Event: 366.265 Thread 0x000000001f58e800 Exception <a 'java/net/SocketTimeoutException': Read timed out> (0x000000076c0ca048) thrown at [C:\re\workspace\8-2-build-windows-amd64-cygwin\jdk8u202\12323\hotspot\src\share\vm\prims\jni.cpp, line 736]
Event: 366.281 Thread 0x000000001f58f800 Exception <a 'java/net/SocketTimeoutException': Read timed out> (0x000000076c125588) thrown at [C:\re\workspace\8-2-build-windows-amd64-cygwin\jdk8u202\12323\hotspot\src\share\vm\prims\jni.cpp, line 736]
Event: 370.070 Thread 0x000000001f58c800 Exception <a 'java/net/ConnectException': Connection refused: connect> (0x000000076c7595b8) thrown at [C:\re\workspace\8-2-build-windows-amd64-cygwin\jdk8u202\12323\hotspot\src\share\vm\prims\jni.cpp, line 736]
Event: 372.101 Thread 0x000000001f58c800 Exception <a 'java/net/ConnectException': Connection refused: connect> (0x000000076c75a830) thrown at [C:\re\workspace\8-2-build-windows-amd64-cygwin\jdk8u202\12323\hotspot\src\share\vm\prims\jni.cpp, line 736]
Event: 379.184 Thread 0x000000001f585000 Exception <a 'java/net/ConnectException': Connection refused: connect> (0x000000076c7aebf0) thrown at [C:\re\workspace\8-2-build-windows-amd64-cygwin\jdk8u202\12323\hotspot\src\share\vm\prims\jni.cpp, line 736]
Event: 381.206 Thread 0x000000001f585000 Exception <a 'java/net/ConnectException': Connection refused: connect> (0x000000076c7afe68) thrown at [C:\re\workspace\8-2-build-windows-amd64-cygwin\jdk8u202\12323\hotspot\src\share\vm\prims\jni.cpp, line 736]

Events (10 events):
Event: 368.035 Executing VM operation: RevokeBias done
Event: 368.035 Thread 0x000000001f585000 Thread exited: 0x000000001f585000
Event: 377.147 Thread 0x000000001f585000 Thread added: 0x000000001f585000
Event: 377.147 Executing VM operation: RevokeBias
Event: 377.148 Executing VM operation: RevokeBias done
Event: 377.148 Thread 0x000000001f58c800 Thread exited: 0x000000001f58c800
Event: 386.255 Thread 0x000000001f58c800 Thread added: 0x000000001f58c800
Event: 386.255 Executing VM operation: RevokeBias
Event: 386.255 Executing VM operation: RevokeBias done
Event: 386.255 Thread 0x000000001f585000 Thread exited: 0x000000001f585000


Dynamic libraries:
0x00007ff67d640000 - 0x00007ff67d677000 	F:\yongyou\balasu\home\ufjdk\bin\java.exe
0x00007ff89af90000 - 0x00007ff89b188000 	C:\windows\SYSTEM32\ntdll.dll
0x00007ff899ce0000 - 0x00007ff899da1000 	C:\windows\System32\KERNEL32.DLL
0x00007ff898990000 - 0x00007ff898c8d000 	C:\windows\System32\KERNELBASE.dll
0x00007ff89a050000 - 0x00007ff89a100000 	C:\windows\System32\ADVAPI32.dll
0x00007ff89a350000 - 0x00007ff89a3ee000 	C:\windows\System32\msvcrt.dll
0x00007ff89a2b0000 - 0x00007ff89a350000 	C:\windows\System32\sechost.dll
0x00007ff899bb0000 - 0x00007ff899cd3000 	C:\windows\System32\RPCRT4.dll
0x00007ff898930000 - 0x00007ff898957000 	C:\windows\System32\bcrypt.dll
0x00007ff89adb0000 - 0x00007ff89af4d000 	C:\windows\System32\USER32.dll
0x00007ff898960000 - 0x00007ff898982000 	C:\windows\System32\win32u.dll
0x00007ff898fc0000 - 0x00007ff898feb000 	C:\windows\System32\GDI32.dll
0x00007ff898ea0000 - 0x00007ff898fb7000 	C:\windows\System32\gdi32full.dll
0x00007ff898d90000 - 0x00007ff898e2d000 	C:\windows\System32\msvcp_win.dll
0x00007ff8987a0000 - 0x00007ff8988a0000 	C:\windows\System32\ucrtbase.dll
0x00007ff897ae0000 - 0x00007ff897d7a000 	C:\windows\WinSxS\amd64_microsoft.windows.common-controls_6595b64144ccf1df_6.0.19041.4355_none_60b8b9eb71f62e16\COMCTL32.dll
0x00007ff899b80000 - 0x00007ff899baf000 	C:\windows\System32\IMM32.DLL
0x0000000051b20000 - 0x0000000051bf2000 	F:\yongyou\balasu\home\ufjdk\jre\bin\msvcr100.dll
0x0000000051270000 - 0x0000000051b15000 	F:\yongyou\balasu\home\ufjdk\jre\bin\server\jvm.dll
0x00007ff89a1f0000 - 0x00007ff89a1f8000 	C:\windows\System32\PSAPI.DLL
0x00007ff874a70000 - 0x00007ff874a79000 	C:\windows\SYSTEM32\WSOCK32.dll
0x00007ff88c180000 - 0x00007ff88c1a7000 	C:\windows\SYSTEM32\WINMM.dll
0x00007ff8962b0000 - 0x00007ff8962ba000 	C:\windows\SYSTEM32\VERSION.dll
0x00007ff899b10000 - 0x00007ff899b7b000 	C:\windows\System32\WS2_32.dll
0x00007ff88d2e0000 - 0x00007ff88d2ef000 	F:\yongyou\balasu\home\ufjdk\jre\bin\verify.dll
0x00007ff871f80000 - 0x00007ff871fa9000 	F:\yongyou\balasu\home\ufjdk\jre\bin\java.dll
0x00007ff88cae0000 - 0x00007ff88cb15000 	F:\yongyou\balasu\home\ufjdk\jre\bin\jdwp.dll
0x00007ff891110000 - 0x00007ff891118000 	F:\yongyou\balasu\home\ufjdk\jre\bin\npt.dll
0x00007ff8717d0000 - 0x00007ff8717f3000 	F:\yongyou\balasu\home\ufjdk\jre\bin\instrument.dll
0x00007ff88cbc0000 - 0x00007ff88cbd6000 	F:\yongyou\balasu\home\ufjdk\jre\bin\zip.dll
0x00007ff89a5c0000 - 0x00007ff89ad2f000 	C:\windows\System32\SHELL32.dll
0x00007ff895420000 - 0x00007ff895bbf000 	C:\windows\SYSTEM32\windows.storage.dll
0x00007ff8994d0000 - 0x00007ff899823000 	C:\windows\System32\combase.dll
0x00007ff897810000 - 0x00007ff89783e000 	C:\windows\SYSTEM32\Wldp.dll
0x00007ff899a40000 - 0x00007ff899b0d000 	C:\windows\System32\OLEAUT32.dll
0x00007ff89a3f0000 - 0x00007ff89a49d000 	C:\windows\System32\SHCORE.dll
0x00007ff8999e0000 - 0x00007ff899a35000 	C:\windows\System32\shlwapi.dll
0x00007ff898570000 - 0x00007ff898594000 	C:\windows\SYSTEM32\profapi.dll
0x00007ff88cbf0000 - 0x00007ff88cbf9000 	F:\yongyou\balasu\home\ufjdk\jre\bin\dt_socket.dll
0x00007ff897680000 - 0x00007ff8976ea000 	C:\windows\system32\mswsock.dll
0x00007ff88cb80000 - 0x00007ff88cb9a000 	F:\yongyou\balasu\home\ufjdk\jre\bin\net.dll
0x00007ff885bf0000 - 0x00007ff885ddc000 	C:\windows\SYSTEM32\urlmon.dll
0x00007ff886200000 - 0x00007ff8864be000 	C:\windows\SYSTEM32\iertutil.dll
0x00007ff8974a0000 - 0x00007ff8974ac000 	C:\windows\SYSTEM32\netutils.dll
0x00007ff885bc0000 - 0x00007ff885be8000 	C:\windows\SYSTEM32\srvcli.dll
0x00007ff873af0000 - 0x00007ff873b23000 	C:\Program Files (x86)\Sangfor\SSL\ClientComponent3\SangforNspX64.dll
0x00007ff899ec0000 - 0x00007ff899feb000 	C:\windows\System32\ole32.dll
0x00007ff8973d0000 - 0x00007ff89749a000 	C:\windows\SYSTEM32\DNSAPI.dll
0x00007ff897390000 - 0x00007ff8973cb000 	C:\windows\SYSTEM32\IPHLPAPI.DLL
0x00007ff8994c0000 - 0x00007ff8994c8000 	C:\windows\System32\NSI.dll
0x00007ff88bde0000 - 0x00007ff88bdea000 	C:\Windows\System32\rasadhlp.dll
0x00007ff88af50000 - 0x00007ff88afd0000 	C:\windows\System32\fwpuclnt.dll
0x00007ff88cbe0000 - 0x00007ff88cbed000 	F:\yongyou\balasu\home\ufjdk\jre\bin\management.dll
0x00007ff86cfa0000 - 0x00007ff86cfb2000 	F:\yongyou\balasu\home\ufjdk\jre\bin\nio.dll
0x00007ff8983a0000 - 0x00007ff8983b8000 	C:\windows\SYSTEM32\CRYPTSP.dll
0x00007ff897030000 - 0x00007ff897064000 	C:\windows\system32\rsaenh.dll
0x00007ff898520000 - 0x00007ff89854e000 	C:\windows\SYSTEM32\USERENV.dll
0x00007ff8988a0000 - 0x00007ff898922000 	C:\windows\System32\bcryptprimitives.dll
0x00007ff8978d0000 - 0x00007ff8978dc000 	C:\windows\SYSTEM32\CRYPTBASE.dll
0x00007ff88d0f0000 - 0x00007ff88d107000 	C:\windows\SYSTEM32\dhcpcsvc6.DLL
0x00007ff88d040000 - 0x00007ff88d05d000 	C:\windows\SYSTEM32\dhcpcsvc.DLL
0x00007ff8692a0000 - 0x00007ff8692b7000 	C:\windows\system32\napinsp.dll
0x00007ff869280000 - 0x00007ff86929b000 	C:\windows\system32\pnrpnsp.dll
0x00007ff8905e0000 - 0x00007ff8905f5000 	C:\windows\system32\wshbth.dll
0x00007ff8902d0000 - 0x00007ff8902ed000 	C:\windows\system32\NLAapi.dll
0x00007ff869260000 - 0x00007ff869272000 	C:\windows\System32\winrnr.dll
0x00007ff86c240000 - 0x00007ff86c264000 	F:\yongyou\balasu\home\ufjdk\jre\bin\sunec.dll
0x00007ff87a120000 - 0x00007ff87a12b000 	F:\yongyou\balasu\home\ufjdk\jre\bin\sunmscapi.dll
0x00007ff898640000 - 0x00007ff89879e000 	C:\windows\System32\CRYPT32.dll

VM Arguments:
jvm_args: -agentlib:jdwp=transport=dt_socket,address=127.0.0.1:1441,suspend=y,server=n -XX:TieredStopAtLevel=1 -Xverify:none -Dspring.output.ansi.enabled=always -Dcom.sun.management.jmxremote -Dspring.jmx.enabled=true -Dspring.liveBeansView.mbeanDomain -Dspring.application.admin.enabled=true -Dmanagement.endpoints.jmx.exposure.include=* -javaagent:C:\Users\lenovo\AppData\Local\JetBrains\IntelliJIdea2024.1\captureAgent\debugger-agent.jar -Dfile.encoding=UTF-8 
java_command: com.az.emailservice.EmailServiceApplication
java_class_path (initial): F:\yongyou\balasu\home\ufjdk\jre\lib\charsets.jar;F:\yongyou\balasu\home\ufjdk\jre\lib\deploy.jar;F:\yongyou\balasu\home\ufjdk\jre\lib\ext\access-bridge-64.jar;F:\yongyou\balasu\home\ufjdk\jre\lib\ext\cldrdata.jar;F:\yongyou\balasu\home\ufjdk\jre\lib\ext\dnsns.jar;F:\yongyou\balasu\home\ufjdk\jre\lib\ext\jaccess.jar;F:\yongyou\balasu\home\ufjdk\jre\lib\ext\jfxrt.jar;F:\yongyou\balasu\home\ufjdk\jre\lib\ext\localedata.jar;F:\yongyou\balasu\home\ufjdk\jre\lib\ext\nashorn.jar;F:\yongyou\balasu\home\ufjdk\jre\lib\ext\sunec.jar;F:\yongyou\balasu\home\ufjdk\jre\lib\ext\sunjce_provider.jar;F:\yongyou\balasu\home\ufjdk\jre\lib\ext\sunmscapi.jar;F:\yongyou\balasu\home\ufjdk\jre\lib\ext\sunpkcs11.jar;F:\yongyou\balasu\home\ufjdk\jre\lib\ext\zipfs.jar;F:\yongyou\balasu\home\ufjdk\jre\lib\javaws.jar;F:\yongyou\balasu\home\ufjdk\jre\lib\jce.jar;F:\yongyou\balasu\home\ufjdk\jre\lib\jfr.jar;F:\yongyou\balasu\home\ufjdk\jre\lib\jfxswt.jar;F:\yongyou\balasu\home\ufjdk\jre\lib\jsse.jar;F:\yongyou\balasu\home\ufjdk\jre\lib\management-agent.jar;F:\yongyou\balasu\home\ufjdk\jre\lib\plugin.jar;F:\yongyou\balasu\home\ufjdk\jre\lib\resources.jar;F:\yongyou\balasu\home\ufjdk\jre\lib\rt.jar;F:\beaconfire\Aug21_TeamProject\TeamProject-BeaconFire\EmailService\target\classes;C:\Users\lenovo\.m2\repository\org\springframework\boot\spring-boot-starter\2.6.4\spring-boot-starter-2.6.4.jar;C:\Users\lenovo\.m2\repository\org\springframework\boot\spring-boot\2.6.4\spring-boot-2.6.4.jar;C:\Users\lenovo\.m2\repository\org\springframework\boot\spring-boot-autoconfigure\2.6.4\spring-boot-autoconfigure-2.6.4.jar;C:\Users\lenovo\.m2\repository\org\springframework\boot\spring-boot-starter-logging\2.6.4\spring-boot-starter-logging-2.6.4.jar;C:\Users\lenovo\.m2\repository\ch\qos\logback\logback-classic\1.2.10\logback-classic-1.2.10.jar;C:\Users\lenovo\.m2\repository\ch\qos\logback\logback-core\1.2.10\logback-core-1.2.10.jar;C:\Users\lenovo\.m2\repository\org\apache\logging\log4j\lo
Launcher Type: SUN_STANDARD

Environment Variables:
JAVA_HOME=D:\amazonCorretto\jdk17.0.4_8
PATH=D:\oracle\bin;D:\amazonCorretto\jdk17.0.4_8\bin;C:\Windows\system32;C:\Windows;C:\Windows\System32\Wbem;C:\Windows\System32\WindowsPowerShell\v1.0\;C:\Windows\System32\OpenSSH\;C:\Program Files (x86)\NVIDIA Corporation\PhysX\Common;C:\Program Files\NVIDIA Corporation\NVIDIA NvDLISR;C:\Program Files\BONC\DSS\Statistics\25\JRE\bin;F:\uwt\558appliedDistributedComputing\hw1\apache-maven-3.8.6\bin;D:\Python;D:\python\Scripts;D:\python\lib\site-packages\pyspark;D:\nodejs\;F:\yongyou\balasu\home\ufjdk;D:\rabbitMQ\Erlang OTP\bin;D:\rabbitMQ\rabbitmq_server-3.13.6\sbin;C:\Program Files\MySQL\MySQL Shell 8.0\bin\;D:\python\Scripts\;D:\python\;C:\Users\lenovo\AppData\Local\Microsoft\WindowsApps;D:\pycharm\PyCharm Community Edition 2022.1.3\bin;;D:\vscode\Microsoft VS Code\bin;C:\Users\lenovo\AppData\Roaming\npm;C:\Users\lenovo\AppData\Local\GitHubDesktop\bin;E:\anaconda;E:\anaconda\Scripts;
USERNAME=lenovo
OS=Windows_NT
PROCESSOR_IDENTIFIER=Intel64 Family 6 Model 140 Stepping 1, GenuineIntel



---------------  S Y S T E M  ---------------

OS: Windows 10.0 , 64 bit Build 19041 (10.0.19041.4717)

CPU:total 8 (initial active 8) (4 cores per cpu, 2 threads per core) family 6 model 140 stepping 1, cmov, cx8, fxsr, mmx, sse, sse2, sse3, ssse3, sse4.1, sse4.2, popcnt, avx, avx2, aes, clmul, erms, 3dnowpref, lzcnt, ht, tsc, tscinvbit, bmi1, bmi2, adx

Memory: 4k page, physical 16555320k(2777112k free), swap 29662644k(0k free)

vm_info: Java HotSpot(TM) 64-Bit Server VM (25.202-b08) for windows-amd64 JRE (1.8.0_202-b08), built on Dec 15 2018 19:54:30 by "java_re" with MS VC++ 10.0 (VS2010)

time: Fri Aug 30 07:41:55 2024
timezone: Ì«Æ½ÑóÏÄÁîÊ±
elapsed time: 386 seconds (0d 0h 6m 26s)

