#
# There is insufficient memory for the Java Runtime Environment to continue.
# Native memory allocation (mmap) failed to map 266338304 bytes for G1 virtual space
# Possible reasons:
#   The system is out of physical RAM or swap space
#   The process is running with CompressedOops enabled, and the Java Heap may be blocking the growth of the native heap
# Possible solutions:
#   Reduce memory load on the system
#   Increase physical memory or swap space
#   Check if swap backing store is full
#   Decrease Java heap size (-Xmx/-Xms)
#   Decrease number of Java threads
#   Decrease Java thread stack sizes (-Xss)
#   Set larger code cache with -XX:ReservedCodeCacheSize=
#   JVM is running with Zero Based Compressed Oops mode in which the Java heap is
#     placed in the first 32GB address space. The Java Heap base address is the
#     maximum limit for the native heap growth. Please use -XX:HeapBaseMinAddress
#     to set the Java Heap base and to place the Java Heap above 32GB virtual address.
# This output file may be truncated or incomplete.
#
#  Out of Memory Error (os_windows.cpp:3541), pid=24788, tid=29260
#
# JRE version:  (17.0.4+8) (build )
# Java VM: OpenJDK 64-Bit Server VM (17.0.4+8-LTS, mixed mode, emulated-client, sharing, tiered, compressed oops, compressed class ptrs, g1 gc, windows-amd64)
# No core dump will be written. Minidumps are not enabled by default on client versions of Windows
#

---------------  S U M M A R Y ------------

Command Line: -agentlib:jdwp=transport=dt_socket,address=127.0.0.1:4283,suspend=y,server=n -XX:TieredStopAtLevel=1 -Dspring.output.ansi.enabled=always -Dcom.sun.management.jmxremote -Dspring.jmx.enabled=true -Dspring.liveBeansView.mbeanDomain -Dspring.application.admin.enabled=true -Dmanagement.endpoints.jmx.exposure.include=* -javaagent:C:\Users\lenovo\AppData\Local\JetBrains\IntelliJIdea2024.1\captureAgent\debugger-agent.jar -Dfile.encoding=UTF-8 com.composite.visastatuscompositeservice.VisaStatusCompositeServiceApplication

Host: 11th Gen Intel(R) Core(TM) i7-1165G7 @ 2.80GHz, 8 cores, 15G,  Windows 10 , 64 bit Build 19041 (10.0.19041.4717)
Time: Fri Aug 30 02:43:56 2024  Windows 10 , 64 bit Build 19041 (10.0.19041.4717) elapsed time: 0.012197 seconds (0d 0h 0m 0s)

---------------  T H R E A D  ---------------

Current thread (0x0000021a57695940):  JavaThread "Unknown thread" [_thread_in_vm, id=29260, stack(0x0000001ab9600000,0x0000001ab9700000)]

Stack: [0x0000001ab9600000,0x0000001ab9700000]
Native frames: (J=compiled Java code, j=interpreted, Vv=VM code, C=native code)
V  [jvm.dll+0x64723a]
V  [jvm.dll+0x7f8894]
V  [jvm.dll+0x7fa04e]
V  [jvm.dll+0x7fa6a3]
V  [jvm.dll+0x234d38]
V  [jvm.dll+0x64417a]
V  [jvm.dll+0x638aa2]
V  [jvm.dll+0x2f2f69]
V  [jvm.dll+0x2fa146]
V  [jvm.dll+0x345e7a]
V  [jvm.dll+0x3460bf]
V  [jvm.dll+0x2c9408]
V  [jvm.dll+0x2ca399]
V  [jvm.dll+0x7cbea1]
V  [jvm.dll+0x353361]
V  [jvm.dll+0x7ac1ae]
V  [jvm.dll+0x3cec13]
V  [jvm.dll+0x3d0651]
C  [jli.dll+0x51af]
C  [ucrtbase.dll+0x21bb2]
C  [KERNEL32.DLL+0x17374]
C  [ntdll.dll+0x4cc91]


---------------  P R O C E S S  ---------------

Threads class SMR info:
_java_thread_list=0x00007fffd6856718, length=0, elements={
}

Java Threads: ( => current thread )

Other Threads:
  0x0000021a57703020 GCTaskThread "GC Thread#0" [stack: 0x0000001ab9700000,0x0000001ab9800000] [id=33428]
  0x0000021a57713bf0 ConcurrentGCThread "G1 Main Marker" [stack: 0x0000001ab9800000,0x0000001ab9900000] [id=31444]
  0x0000021a57714e40 ConcurrentGCThread "G1 Conc#0" [stack: 0x0000001ab9900000,0x0000001ab9a00000] [id=25208]

[error occurred during error reporting (printing all threads), id 0xc0000005, EXCEPTION_ACCESS_VIOLATION (0xc0000005) at pc=0x00007fffd604a5f7]

VM state: not at safepoint (not fully initialized)

VM Mutex/Monitor currently owned by a thread:  ([mutex/lock_event])
[0x0000021a57692350] Heap_lock - owner thread: 0x0000021a57695940

Heap address: 0x0000000703600000, size: 4042 MB, Compressed Oops mode: Zero based, Oop shift amount: 3

CDS archive(s) mapped at: [0x0000000000000000-0x0000000000000000-0x0000000000000000), size 0, SharedBaseAddress: 0x0000000800000000, ArchiveRelocationMode: 0.
Narrow klass base: 0x0000000000000000, Narrow klass shift: 0, Narrow klass range: 0x0

GC Precious Log:
<Empty>

Heap:
 garbage-first heap   total 0K, used 0K [0x0000000703600000, 0x0000000800000000)
  region size 2048K, 0 young (0K), 0 survivors (0K)

[error occurred during error reporting (printing heap information), id 0xc0000005, EXCEPTION_ACCESS_VIOLATION (0xc0000005) at pc=0x00007fffd640ed59]

GC Heap History (0 events):
No events

Deoptimization events (0 events):
No events

Classes unloaded (0 events):
No events

Classes redefined (0 events):
No events

Internal exceptions (0 events):
No events

VM Operations (0 events):
No events

Events (2 events):
Event: 0.008 Loaded shared library D:\amazonCorretto\jdk17.0.4_8\bin\java.dll
Event: 0.009 Loaded shared library D:\amazonCorretto\jdk17.0.4_8\bin\zip.dll


Dynamic libraries:
0x00007ff7eb500000 - 0x00007ff7eb50d000 	D:\amazonCorretto\jdk17.0.4_8\bin\java.exe
0x00007ff89af90000 - 0x00007ff89b188000 	C:\windows\SYSTEM32\ntdll.dll
0x00007ff899ce0000 - 0x00007ff899da1000 	C:\windows\System32\KERNEL32.DLL
0x00007ff898990000 - 0x00007ff898c8d000 	C:\windows\System32\KERNELBASE.dll
0x00007ff8987a0000 - 0x00007ff8988a0000 	C:\windows\System32\ucrtbase.dll
0x00007ff88d370000 - 0x00007ff88d385000 	D:\amazonCorretto\jdk17.0.4_8\bin\VCRUNTIME140.dll
0x00007ff88d400000 - 0x00007ff88d418000 	D:\amazonCorretto\jdk17.0.4_8\bin\jli.dll
0x00007ff89adb0000 - 0x00007ff89af4d000 	C:\windows\System32\USER32.dll
0x00007ff898960000 - 0x00007ff898982000 	C:\windows\System32\win32u.dll
0x00007ff898fc0000 - 0x00007ff898feb000 	C:\windows\System32\GDI32.dll
0x00007ff898ea0000 - 0x00007ff898fb7000 	C:\windows\System32\gdi32full.dll
0x00007ff897ae0000 - 0x00007ff897d7a000 	C:\windows\WinSxS\amd64_microsoft.windows.common-controls_6595b64144ccf1df_6.0.19041.4355_none_60b8b9eb71f62e16\COMCTL32.dll
0x00007ff898d90000 - 0x00007ff898e2d000 	C:\windows\System32\msvcp_win.dll
0x00007ff89a350000 - 0x00007ff89a3ee000 	C:\windows\System32\msvcrt.dll
0x00007ff899b80000 - 0x00007ff899baf000 	C:\windows\System32\IMM32.DLL
0x00007ff86d5e0000 - 0x00007ff86d67b000 	D:\amazonCorretto\jdk17.0.4_8\bin\msvcp140.dll
0x00007fffd5d70000 - 0x00007fffd6984000 	D:\amazonCorretto\jdk17.0.4_8\bin\server\jvm.dll
0x00007ff89a050000 - 0x00007ff89a100000 	C:\windows\System32\ADVAPI32.dll
0x00007ff89a2b0000 - 0x00007ff89a350000 	C:\windows\System32\sechost.dll
0x00007ff899bb0000 - 0x00007ff899cd3000 	C:\windows\System32\RPCRT4.dll
0x00007ff898930000 - 0x00007ff898957000 	C:\windows\System32\bcrypt.dll
0x00007ff89a1f0000 - 0x00007ff89a1f8000 	C:\windows\System32\PSAPI.DLL
0x00007ff88c180000 - 0x00007ff88c1a7000 	C:\windows\SYSTEM32\WINMM.dll
0x00007ff8962b0000 - 0x00007ff8962ba000 	C:\windows\SYSTEM32\VERSION.dll
0x00007ff874a70000 - 0x00007ff874a79000 	C:\windows\SYSTEM32\WSOCK32.dll
0x00007ff899b10000 - 0x00007ff899b7b000 	C:\windows\System32\WS2_32.dll
0x00007ff896010000 - 0x00007ff896022000 	C:\windows\SYSTEM32\kernel.appcore.dll
0x00007ff88f010000 - 0x00007ff88f01a000 	D:\amazonCorretto\jdk17.0.4_8\bin\jimage.dll
0x00007ff898120000 - 0x00007ff898304000 	C:\windows\SYSTEM32\DBGHELP.DLL
0x00007ff897f70000 - 0x00007ff897fa4000 	C:\windows\SYSTEM32\dbgcore.DLL
0x00007ff8988a0000 - 0x00007ff898922000 	C:\windows\System32\bcryptPrimitives.dll
0x00007ff891110000 - 0x00007ff891149000 	D:\amazonCorretto\jdk17.0.4_8\bin\jdwp.dll
0x00007ff88d8f0000 - 0x00007ff88d8fe000 	D:\amazonCorretto\jdk17.0.4_8\bin\instrument.dll
0x00007ff878f50000 - 0x00007ff878f75000 	D:\amazonCorretto\jdk17.0.4_8\bin\java.dll
0x00007ff86d5a0000 - 0x00007ff86d5b8000 	D:\amazonCorretto\jdk17.0.4_8\bin\zip.dll

dbghelp: loaded successfully - version: 4.0.5 - missing functions: none
symbol engine: initialized successfully - sym options: 0x614 - pdb path: .;D:\amazonCorretto\jdk17.0.4_8\bin;C:\windows\SYSTEM32;C:\windows\WinSxS\amd64_microsoft.windows.common-controls_6595b64144ccf1df_6.0.19041.4355_none_60b8b9eb71f62e16;D:\amazonCorretto\jdk17.0.4_8\bin\server

VM Arguments:
jvm_args: -agentlib:jdwp=transport=dt_socket,address=127.0.0.1:4283,suspend=y,server=n -XX:TieredStopAtLevel=1 -Dspring.output.ansi.enabled=always -Dcom.sun.management.jmxremote -Dspring.jmx.enabled=true -Dspring.liveBeansView.mbeanDomain -Dspring.application.admin.enabled=true -Dmanagement.endpoints.jmx.exposure.include=* -javaagent:C:\Users\lenovo\AppData\Local\JetBrains\IntelliJIdea2024.1\captureAgent\debugger-agent.jar -Dfile.encoding=UTF-8 
java_command: com.composite.visastatuscompositeservice.VisaStatusCompositeServiceApplication
java_class_path (initial): F:\beaconfire\Aug21_TeamProject\VisaStatusCompositeService\target\classes;C:\Users\lenovo\.m2\repository\org\springframework\boot\spring-boot-starter-web\2.6.7\spring-boot-starter-web-2.6.7.jar;C:\Users\lenovo\.m2\repository\org\springframework\boot\spring-boot-starter\2.6.7\spring-boot-starter-2.6.7.jar;C:\Users\lenovo\.m2\repository\org\springframework\boot\spring-boot-starter-logging\2.6.7\spring-boot-starter-logging-2.6.7.jar;C:\Users\lenovo\.m2\repository\ch\qos\logback\logback-classic\1.2.11\logback-classic-1.2.11.jar;C:\Users\lenovo\.m2\repository\ch\qos\logback\logback-core\1.2.11\logback-core-1.2.11.jar;C:\Users\lenovo\.m2\repository\org\apache\logging\log4j\log4j-to-slf4j\2.17.2\log4j-to-slf4j-2.17.2.jar;C:\Users\lenovo\.m2\repository\org\apache\logging\log4j\log4j-api\2.17.2\log4j-api-2.17.2.jar;C:\Users\lenovo\.m2\repository\org\slf4j\jul-to-slf4j\1.7.36\jul-to-slf4j-1.7.36.jar;C:\Users\lenovo\.m2\repository\jakarta\annotation\jakarta.annotation-api\1.3.5\jakarta.annotation-api-1.3.5.jar;C:\Users\lenovo\.m2\repository\org\yaml\snakeyaml\1.29\snakeyaml-1.29.jar;C:\Users\lenovo\.m2\repository\org\springframework\boot\spring-boot-starter-json\2.6.7\spring-boot-starter-json-2.6.7.jar;C:\Users\lenovo\.m2\repository\com\fasterxml\jackson\core\jackson-databind\2.13.2.1\jackson-databind-2.13.2.1.jar;C:\Users\lenovo\.m2\repository\com\fasterxml\jackson\datatype\jackson-datatype-jdk8\2.13.2\jackson-datatype-jdk8-2.13.2.jar;C:\Users\lenovo\.m2\repository\com\fasterxml\jackson\datatype\jackson-datatype-jsr310\2.13.2\jackson-datatype-jsr310-2.13.2.jar;C:\Users\lenovo\.m2\repository\com\fasterxml\jackson\module\jackson-module-parameter-names\2.13.2\jackson-module-parameter-names-2.13.2.jar;C:\Users\lenovo\.m2\repository\org\springframework\boot\spring-boot-starter-tomcat\2.6.7\spring-boot-starter-tomcat-2.6.7.jar;C:\Users\lenovo\.m2\repository\org\apache\tomcat\embed\tomcat-embed-core\9.0.62\tomcat-embed-core-9.0.62.jar;C:\Users\lenovo\.m2
Launcher Type: SUN_STANDARD

[Global flags]
     intx CICompilerCount                          = 4                                         {product} {ergonomic}
     uint ConcGCThreads                            = 2                                         {product} {ergonomic}
     uint G1ConcRefinementThreads                  = 8                                         {product} {ergonomic}
   size_t G1HeapRegionSize                         = 2097152                                   {product} {ergonomic}
    uintx GCDrainStackTargetSize                   = 64                                        {product} {ergonomic}
   size_t InitialHeapSize                          = 266338304                                 {product} {ergonomic}
     bool ManagementServer                         = true                                      {product} {command line}
   size_t MarkStackSize                            = 4194304                                   {product} {ergonomic}
   size_t MaxHeapSize                              = 4238344192                                {product} {ergonomic}
   size_t MinHeapDeltaBytes                        = 2097152                                   {product} {ergonomic}
   size_t MinHeapSize                              = 8388608                                   {product} {ergonomic}
    uintx NonProfiledCodeHeapSize                  = 0                                      {pd product} {ergonomic}
     bool ProfileInterpreter                       = false                                  {pd product} {command line}
    uintx ProfiledCodeHeapSize                     = 0                                      {pd product} {ergonomic}
   size_t SoftMaxHeapSize                          = 4238344192                             {manageable} {ergonomic}
     intx TieredStopAtLevel                        = 1                                         {product} {command line}
     bool UseCompressedClassPointers               = true                           {product lp64_product} {ergonomic}
     bool UseCompressedOops                        = true                           {product lp64_product} {ergonomic}
     bool UseG1GC                                  = true                                      {product} {ergonomic}
     bool UseLargePagesIndividualAllocation        = false                                  {pd product} {ergonomic}

Logging:
Log output configuration:
 #0: stdout all=warning uptime,level,tags
 #1: stderr all=off uptime,level,tags

Environment Variables:
JAVA_HOME=D:\amazonCorretto\jdk17.0.4_8
PATH=D:\oracle\bin;D:\amazonCorretto\jdk17.0.4_8\bin;C:\Windows\system32;C:\Windows;C:\Windows\System32\Wbem;C:\Windows\System32\WindowsPowerShell\v1.0\;C:\Windows\System32\OpenSSH\;C:\Program Files (x86)\NVIDIA Corporation\PhysX\Common;C:\Program Files\NVIDIA Corporation\NVIDIA NvDLISR;C:\Program Files\BONC\DSS\Statistics\25\JRE\bin;F:\uwt\558appliedDistributedComputing\hw1\apache-maven-3.8.6\bin;D:\Python;D:\python\Scripts;D:\python\lib\site-packages\pyspark;D:\nodejs\;F:\yongyou\balasu\home\ufjdk;D:\rabbitMQ\Erlang OTP\bin;D:\rabbitMQ\rabbitmq_server-3.13.6\sbin;C:\Program Files\MySQL\MySQL Shell 8.0\bin\;D:\python\Scripts\;D:\python\;C:\Users\lenovo\AppData\Local\Microsoft\WindowsApps;D:\pycharm\PyCharm Community Edition 2022.1.3\bin;;D:\vscode\Microsoft VS Code\bin;C:\Users\lenovo\AppData\Roaming\npm;C:\Users\lenovo\AppData\Local\GitHubDesktop\bin;E:\anaconda;E:\anaconda\Scripts;
USERNAME=lenovo
OS=Windows_NT
PROCESSOR_IDENTIFIER=Intel64 Family 6 Model 140 Stepping 1, GenuineIntel
TMP=C:\Users\lenovo\AppData\Local\Temp
TEMP=C:\Users\lenovo\AppData\Local\Temp



---------------  S Y S T E M  ---------------

OS:
 Windows 10 , 64 bit Build 19041 (10.0.19041.4717)
OS uptime: 2 days 5:50 hours

CPU: total 8 (initial active 8) (4 cores per cpu, 2 threads per core) family 6 model 140 stepping 1 microcode 0x86, cx8, cmov, fxsr, ht, mmx, 3dnowpref, sse, sse2, sse3, ssse3, sse4.1, sse4.2, popcnt, lzcnt, tsc, tscinvbit, avx, avx2, aes, erms, clmul, bmi1, bmi2, adx, avx512f, avx512dq, avx512cd, avx512bw, avx512vl, sha, fma, vzeroupper, avx512_vpopcntdq, avx512_vpclmulqdq, avx512_vaes, avx512_vnni, clflush, clflushopt, clwb, avx512_vbmi2, avx512_vbmi

Memory: 4k page, system-wide physical 16167M (882M free)
TotalPageFile size 28967M (AvailPageFile size 243M)
current process WorkingSet (physical memory assigned to process): 10M, peak: 10M
current process commit charge ("private bytes"): 55M, peak: 309M

vm_info: OpenJDK 64-Bit Server VM (17.0.4+8-LTS) for windows-amd64 JRE (17.0.4+8-LTS), built on Jul 15 2022 17:12:09 by "Administrator" with MS VC++ 15.9 (VS2017)

END.
